<?xml version="1.0" encoding="UTF-8"?>
<testng-results ignored="0" total="1" passed="1" failed="0" skipped="0">
  <reporter-output>
  </reporter-output>
  <suite started-at="2022-10-05T23:13:04 WEST" name="Suite" finished-at="2022-10-05T23:13:06 WEST" duration-ms="2299">
    <groups>
    </groups>
    <test started-at="2022-10-05T23:13:04 WEST" name="Test" finished-at="2022-10-05T23:13:06 WEST" duration-ms="2299">
      <class name="com.todo.tests.AddTodoTest">
        <test-method is-config="true" signature="setupTest(java.lang.String)[pri:0, instance:com.todo.tests.AddTodoTest@4efc180e]" started-at="2022-10-05T23:13:04 WEST" name="setupTest" finished-at="2022-10-05T23:13:06 WEST" duration-ms="1986" status="PASS">
          <params>
            <param index="0">
              <value>
                <![CDATA[chrome]]>
              </value>
            </param>
          </params>
          <reporter-output>
          </reporter-output>
        </test-method> <!-- setupTest -->
        <test-method signature="iCanAddTodo()[pri:0, instance:com.todo.tests.AddTodoTest@4efc180e]" started-at="2022-10-05T23:13:06 WEST" name="iCanAddTodo" finished-at="2022-10-05T23:13:06 WEST" duration-ms="171" status="PASS">
          <reporter-output>
          </reporter-output>
        </test-method> <!-- iCanAddTodo -->
        <test-method is-config="true" signature="tearDown()[pri:0, instance:com.todo.tests.AddTodoTest@4efc180e]" started-at="2022-10-05T23:13:06 WEST" name="tearDown" finished-at="2022-10-05T23:13:06 WEST" duration-ms="120" status="PASS">
          <reporter-output>
          </reporter-output>
        </test-method> <!-- tearDown -->
      </class> <!-- com.todo.tests.AddTodoTest -->
    </test> <!-- Test -->
  </suite> <!-- Suite -->
</testng-results>
